<?xml version="1.0" encoding="UTF-8"?>
<!-- Generated by org.testng.reporters.JUnitReportReporter -->
<testsuite hostname="DESKTOP-GV6VD91" failures="0" tests="1" name="WorldlineAssesment.testing.Go_indigo" time="39.558" errors="0" timestamp="2024-03-22T18:38:31 IST" skipped="0">
  <testcase classname="WorldlineAssesment.testing.Go_indigo" name="test" time="39.558"/>
  <system-out/>
</testsuite> <!-- WorldlineAssesment.testing.Go_indigo -->
